<?xml version="1.0" encoding="UTF-8"?>
<!-- Generated by org.testng.reporters.JUnitReportReporter -->
<testsuite skipped="0" hostname="VT034-SARANYA-WINDOWSLAP" name="com.chq.testScripts.LoginTest" tests="1" failures="0" timestamp="12 Sep 2018 13:20:18 GMT" time="5.478" errors="0">
  <testcase name="login" time="5.478" classname="com.chq.testScripts.LoginTest"/>
</testsuite> <!-- com.chq.testScripts.LoginTest -->
